Log file open, 11/18/17 19:00:17
LogWindows: Failed to load 'aqProf.dll' (GetLastError=126)
LogWindows: File 'aqProf.dll' does not exist
LogWindows: Failed to load 'VtuneApi.dll' (GetLastError=126)
LogWindows: File 'VtuneApi.dll' does not exist
LogWindows: Failed to load 'VtuneApi32e.dll' (GetLastError=126)
LogWindows: File 'VtuneApi32e.dll' does not exist
LogInit: Display: Running engine for game: NoJuice
LogPlatformFile: Not using cached read wrapper
LogInit: Display: RandInit(1270409153) SRandInit(1270409153).
LogTaskGraph: Started task graph with 5 named threads and 14 total threads with 3 sets of task threads.
LogStats: Stats thread started at 0.232320
LogD3D11RHI: Aftermath initialized
LogPluginManager: Mounting plugin Paper2D
LogPluginManager: Mounting plugin LightPropagationVolume
LogPluginManager: Mounting plugin CodeLiteSourceCodeAccess
LogPluginManager: Mounting plugin GitSourceControl
LogPluginManager: Mounting plugin KDevelopSourceCodeAccess
LogPluginManager: Mounting plugin NullSourceCodeAccess
LogPluginManager: Mounting plugin PerforceSourceControl
LogPluginManager: Mounting plugin SubversionSourceControl
LogPluginManager: Mounting plugin UObjectPlugin
LogPluginManager: Mounting plugin VisualStudioSourceCodeAccess
LogPluginManager: Mounting plugin XCodeSourceCodeAccess
LogPluginManager: Mounting plugin AssetManagerEditor
LogPluginManager: Mounting plugin AudioCapture
LogPluginManager: Mounting plugin FacialAnimation
LogPluginManager: Mounting plugin GameplayTagsEditor
LogPluginManager: Mounting plugin MobileLauncherProfileWizard
LogPluginManager: Mounting plugin PluginBrowser
LogPluginManager: Mounting plugin SpeedTreeImporter
LogPluginManager: Mounting plugin AlembicImporter
LogPluginManager: Mounting plugin CharacterAI
LogPluginManager: Mounting plugin HTML5Networking
LogPluginManager: Mounting plugin AndroidMedia
LogPluginManager: Mounting plugin AvfMedia
LogPluginManager: Mounting plugin MediaPlayerEditor
LogPluginManager: Mounting plugin WmfMedia
LogPluginManager: Mounting plugin TcpMessaging
LogPluginManager: Mounting plugin UdpMessaging
LogPluginManager: Mounting plugin LevelSequenceEditor
LogPluginManager: Mounting plugin MatineeToLevelSequence
LogPluginManager: Mounting plugin OnlineSubsystemGooglePlay
LogPluginManager: Mounting plugin OnlineSubsystemIOS
LogPluginManager: Mounting plugin OnlineSubsystem
LogPluginManager: Mounting plugin OnlineSubsystemNull
LogPluginManager: Mounting plugin OnlineSubsystemUtils
LogPluginManager: Mounting plugin AndroidDeviceProfileSelector
LogPluginManager: Mounting plugin AndroidMoviePlayer
LogPluginManager: Mounting plugin AndroidPermission
LogPluginManager: Mounting plugin AppleMoviePlayer
LogPluginManager: Mounting plugin ArchVisCharacter
LogPluginManager: Mounting plugin CableComponent
LogPluginManager: Mounting plugin CustomMeshComponent
LogPluginManager: Mounting plugin ExampleDeviceProfileSelector
LogPluginManager: Mounting plugin GoogleCloudMessaging
LogPluginManager: Mounting plugin ImmediatePhysics
LogPluginManager: Mounting plugin IOSDeviceProfileSelector
LogPluginManager: Mounting plugin LinuxDeviceProfileSelector
LogPluginManager: Mounting plugin LocationServicesBPLibrary
LogPluginManager: Mounting plugin MobilePatchingUtils
LogPluginManager: Mounting plugin OculusVR
LogPluginManager: Mounting plugin PhysXVehicles
LogPluginManager: Mounting plugin ProceduralMeshComponent
LogPluginManager: Mounting plugin RuntimePhysXCooking
LogPluginManager: Mounting plugin SteamVR
LogPluginManager: Mounting plugin WindowsMoviePlayer
LogInit: Using libcurl 7.47.1
LogInit:  - built for x86_64-pc-win32
LogInit:  - supports SSL with OpenSSL/1.0.2g
LogInit:  - supports HTTP deflate (compression) using libz 1.2.8
LogInit:  - other features:
LogInit:      CURL_VERSION_SSL
LogInit:      CURL_VERSION_LIBZ
LogInit:      CURL_VERSION_IPV6
LogInit:      CURL_VERSION_ASYNCHDNS
LogInit:      CURL_VERSION_LARGEFILE
LogInit:      CURL_VERSION_IDN
LogInit:  CurlRequestOptions (configurable via config and command line):
LogInit:  - bVerifyPeer = false  - Libcurl will NOT verify peer certificate
LogInit:  - bUseHttpProxy = false  - Libcurl will NOT use HTTP proxy
LogInit:  - bDontReuseConnections = false  - Libcurl will reuse connections
LogInit:  - CertBundlePath = nullptr  - Libcurl will use whatever was configured at build time.
LogInit: Build: ++UE4+Release-4.17-CL-3658906
LogInit: Engine Version: 4.17.2-3658906+++UE4+Release-4.17
LogInit: Compatible Engine Version: 4.17.0-3573198+++UE4+Release-4.17
LogInit: Net CL: 3573198
LogDevObjectVersion: Number of dev versions registered: 16
LogDevObjectVersion:   Dev-Blueprints (B0D832E4-1F89-4F0D-ACCF-7EB736FD4AA2): 10
LogDevObjectVersion:   Dev-Build (E1C64328-A22C-4D53-A36C-8E866417BD8C): 0
LogDevObjectVersion:   Dev-Core (375EC13C-06E4-48FB-B500-84F0262A717E): 2
LogDevObjectVersion:   Dev-Editor (E4B068ED-F494-42E9-A231-DA0B2E46BB41): 20
LogDevObjectVersion:   Dev-Framework (CFFC743F-43B0-4480-9391-14DF171D2073): 28
LogDevObjectVersion:   Dev-Mobile (B02B49B5-BB20-44E9-A304-32B752E40360): 0
LogDevObjectVersion:   Dev-Networking (A4E4105C-59A1-49B5-A7C5-40C4547EDFEE): 0
LogDevObjectVersion:   Dev-Online (39C831C9-5AE6-47DC-9A44-9C173E1C8E7C): 0
LogDevObjectVersion:   Dev-Physics (78F01B33-EBEA-4F98-B9B4-84EACCB95AA2): 0
LogDevObjectVersion:   Dev-Platform (6631380F-2D4D-43E0-8009-CF276956A95A): 0
LogDevObjectVersion:   Dev-Rendering (12F88B9F-8875-4AFC-A67C-D90C383ABD29): 19
LogDevObjectVersion:   Dev-Sequencer (7B5AE74C-D270-4C10-A958-57980B212A5A): 4
LogDevObjectVersion:   Dev-VR (D7296918-1DD6-4BDD-9DE2-64A83CC13884): 0
LogDevObjectVersion:   Dev-LoadTimes (C2A15278-BFE7-4AFE-6C17-90FF531DF755): 1
LogDevObjectVersion:   Private-Geometry (6EACA3D4-40EC-4CC1-B786-8BED09428FC5): 1
LogDevObjectVersion:   Dev-AnimPhys (29E575DD-E0A3-4627-9D10-D276232CDCEA): 7
LogInit: Compiled (64-bit): Sep 22 2017 13:47:16
LogInit: Compiled with Visual C++: 19.00.24215.01
LogInit: Build Configuration: Development
LogInit: Branch Name: ++UE4+Release-4.17
LogInit: Command line:  /Temp/Autosaves/Game/TopDownBP/Maps/UEDPCTopDownExampleMap -game -PIEVIACONSOLE -ResX=1280 -ResY=720  -Multiprocess -messaging -SessionName="Play in Standalone Game" -windowed -ForceRes 
LogInit: Base directory: C:/Program Files/Epic Games/UE_4.17/Engine/Binaries/Win64/
LogInit: Installed Engine Build: 1
LogInit: Presizing for max 8388607 objects, including 0 objects not considered by GC, pre-allocating 0 bytes for permanent pool.
LogInit: Object subsystem initialized
[2017.11.19-00.00.18:173][  0]LogInit: Selected Device Profile: [Windows]
[2017.11.19-00.00.18:173][  0]LogInit: Applying CVar settings loaded from the selected device profile: [Windows]
[2017.11.19-00.00.18:182][  0]LogInit: Computer: YUKI-PC
[2017.11.19-00.00.18:182][  0]LogInit: User: yuki
[2017.11.19-00.00.18:182][  0]LogInit: CPU Page size=4096, Cores=4
[2017.11.19-00.00.18:182][  0]LogInit: High frequency timer resolution =2.144589 MHz
[2017.11.19-00.00.18:183][  0]LogMemory: Memory total: Physical=16.0GB (16GB approx)
[2017.11.19-00.00.18:183][  0]LogMemory: Platform Memory Stats for Windows
[2017.11.19-00.00.18:183][  0]LogMemory: Process Physical Memory: 278.17 MB used, 278.17 MB peak
[2017.11.19-00.00.18:183][  0]LogMemory: Process Virtual Memory: 276.10 MB used, 276.10 MB peak
[2017.11.19-00.00.18:183][  0]LogMemory: Physical Memory: 5133.14 MB used,  11237.66 MB free, 16370.80 MB total
[2017.11.19-00.00.18:183][  0]LogMemory: Virtual Memory: 651.79 MB used,  11237.66 MB free, 8388608.00 MB total
[2017.11.19-00.00.18:473][  0]LogInit: Using OS detected language (en-US).
[2017.11.19-00.00.18:473][  0]LogInit: Using OS detected locale (en-US).
[2017.11.19-00.00.18:477][  0]LogTextLocalizationManager: No specific localization for 'en-US' exists, so the 'en' localization will be used.
[2017.11.19-00.00.19:434][  0]LogD3D11RHI: D3D11 adapters:
[2017.11.19-00.00.19:454][  0]LogD3D11RHI:    0. 'AMD Radeon R9 200 Series' (Feature Level 11_0)
[2017.11.19-00.00.19:454][  0]LogD3D11RHI:       2024/0/3840 MB DedicatedVideo/DedicatedSystem/SharedSystem, Outputs:1, VendorId:0x1002
[2017.11.19-00.00.19:454][  0]LogD3D11RHI: Chosen D3D11 Adapter: 0
[2017.11.19-00.00.19:472][  0]LogD3D11RHI: Creating new Direct3DDevice
[2017.11.19-00.00.19:473][  0]LogD3D11RHI:     GPU DeviceId: 0x6939 (for the marketing name, search the web for "GPU Device Id")
[2017.11.19-00.00.19:473][  0]LogWindows: EnumDisplayDevices:
[2017.11.19-00.00.19:473][  0]LogWindows:    0. 'AMD Radeon R9 200 Series' (P:1 D:1)
[2017.11.19-00.00.19:473][  0]LogWindows:    1. 'AMD Radeon R9 200 Series' (P:0 D:0)
[2017.11.19-00.00.19:474][  0]LogWindows:    2. 'AMD Radeon R9 200 Series' (P:0 D:0)
[2017.11.19-00.00.19:474][  0]LogWindows:    3. 'AMD Radeon R9 200 Series' (P:0 D:0)
[2017.11.19-00.00.19:474][  0]LogWindows:    4. 'AMD Radeon R9 200 Series' (P:0 D:0)
[2017.11.19-00.00.19:474][  0]LogWindows:    5. 'AMD Radeon R9 200 Series' (P:0 D:0)
[2017.11.19-00.00.19:475][  0]LogWindows:    6. 'RDPDD Chained DD' (P:0 D:0)
[2017.11.19-00.00.19:475][  0]LogWindows:    7. 'RDP Encoder Mirror Driver' (P:0 D:0)
[2017.11.19-00.00.19:475][  0]LogWindows:    8. 'RDP Reflector Display Driver' (P:0 D:0)
[2017.11.19-00.00.19:475][  0]LogWindows: DebugString: GetVideoDriverDetailsInvalid PrimaryIsNotTheChoosenAdapter GetVideoDriverDetailsInvalid PrimaryIsNotTheChoosenAdapter GetVideoDriverDetailsInvalid PrimaryIsNotTheChoosenAdapter FoundDriverCount:6 
[2017.11.19-00.00.19:475][  0]LogD3D11RHI:     Adapter Name: AMD Radeon R9 200 Series
[2017.11.19-00.00.19:475][  0]LogD3D11RHI:   Driver Version: Catalyst 15.7.1 (internal:15.200.1062.1004, unified:15.200.1062.1004)
[2017.11.19-00.00.19:475][  0]LogD3D11RHI:      Driver Date: 8-3-2015
[2017.11.19-00.00.19:475][  0]LogRHI: Texture pool is 1361 MB (70% of 1945 MB)
[2017.11.19-00.00.19:568][  0]LogD3D11RHI: Async texture creation enabled
[2017.11.19-00.00.19:583][  0]LogD3D11RHI: GPU Timing Frequency: 27.000000 (Debug: 2 1)
[2017.11.19-00.00.19:584][  0]LogShaderCompilers: Guid format shader working directory is -17 characters bigger than the processId version (../../../../../../Users/yuki/Documents/Unreal Projects/NoJuice/Intermediate/Shaders/WorkingDirectory/4572/).
[2017.11.19-00.00.19:584][  0]LogShaderCompilers: Cleaned the shader compiler working directory 'C:/Users/yuki/AppData/Local/Temp/UnrealShaderWorkingDir/30A441464D07FDCEBC53FB86955D1A51/'.
[2017.11.19-00.00.19:584][  0]LogShaderCompilers: Display: Using Local Shader Compiler.
[2017.11.19-00.00.22:235][  0]LogTemp: Display: Loaded TP WindowsClientTargetPlatform
[2017.11.19-00.00.22:345][  0]LogTemp: Display: Loaded TP WindowsNoEditorTargetPlatform
[2017.11.19-00.00.22:453][  0]LogTemp: Display: Loaded TP WindowsServerTargetPlatform
[2017.11.19-00.00.22:567][  0]LogTemp: Display: Loaded TP WindowsTargetPlatform
[2017.11.19-00.00.22:567][  0]LogTargetPlatformManager: Display: Building Assets For Windows
[2017.11.19-00.00.23:491][  0]LogDerivedDataCache: Display: Max Cache Size: 512 MB
[2017.11.19-00.00.23:773][  0]LogDerivedDataCache: Loaded boot cache 0.28s 93MB C:/Users/yuki/AppData/Local/UnrealEngine/4.17/DerivedDataCache/Boot.ddc.
[2017.11.19-00.00.23:773][  0]LogDerivedDataCache: Display: Loaded Boot cache: C:/Users/yuki/AppData/Local/UnrealEngine/4.17/DerivedDataCache/Boot.ddc
[2017.11.19-00.00.23:774][  0]LogDerivedDataCache: FDerivedDataBackendGraph:  Pak pak cache file ../../../../../../Users/yuki/Documents/Unreal Projects/NoJuice/DerivedDataCache/DDC.ddp not found, will not use a pak cache.
[2017.11.19-00.00.23:774][  0]LogDerivedDataCache: Unable to find inner node Pak for hierarchical cache Hierarchy.
[2017.11.19-00.00.23:774][  0]LogDerivedDataCache: FDerivedDataBackendGraph:  CompressedPak pak cache file ../../../../../../Users/yuki/Documents/Unreal Projects/NoJuice/DerivedDataCache/Compressed.ddp not found, will not use a pak cache.
[2017.11.19-00.00.23:774][  0]LogDerivedDataCache: Unable to find inner node CompressedPak for hierarchical cache Hierarchy.
[2017.11.19-00.00.23:825][  0]LogDerivedDataCache: Display: Pak cache opened for reading ../../../Engine/DerivedDataCache/Compressed.ddp.
[2017.11.19-00.00.23:837][  0]LogDerivedDataCache: Using Local data cache path C:/Users/yuki/AppData/Local/UnrealEngine/Common/DerivedDataCache: Writable
[2017.11.19-00.00.23:863][  0]LogMaterial: Verifying Global Shaders for PCD3D_SM5
[2017.11.19-00.00.23:864][  0]LogSlate: Using Freetype 2.6.0
[2017.11.19-00.00.23:864][  0]LogSlate: SlateFontCache - WITH_FREETYPE: 1, WITH_HARFBUZZ: 1
[2017.11.19-00.00.23:864][  0]LogSlate: SlateFontCache - WITH_FREETYPE: 1, WITH_HARFBUZZ: 1
[2017.11.19-00.00.24:421][  0]LogAssetRegistry: FAssetRegistry took 0.0109 seconds to start up
[2017.11.19-00.00.24:494][  0]LogPackageLocalizationCache: Processed 5 localized package path(s) for 2 prioritized culture(s) in 0.032819 seconds
[2017.11.19-00.00.24:886][  0]LogInit: Selected Device Profile: [Windows]
[2017.11.19-00.00.24:894][  0]LogContentStreaming: Texture pool size is 1000.00 MB
[2017.11.19-00.00.25:649][  0]LogSimplygon: Simplygon DLL not present - disabling.
[2017.11.19-00.00.25:734][  0]LogMeshReduction: Using SimplygonSwarm for distributed automatic mesh merging
[2017.11.19-00.00.25:734][  0]LogMeshReduction: Using QuadricMeshReduction for automatic static mesh reduction
[2017.11.19-00.00.25:734][  0]LogMeshReduction: No automatic skeletal mesh reduction module available
[2017.11.19-00.00.25:734][  0]LogMeshReduction: No automatic mesh merging module available
[2017.11.19-00.00.25:734][  0]LogMeshMerging: No automatic mesh merging module available
[2017.11.19-00.00.26:469][  0]LogNetVersion: NoJuice , NetCL: 3573198, EngineNetVer: 2, GameNetVer: 0 (Checksum: 2768171891)
[2017.11.19-00.00.26:840][  0]LogInit: WinSock: version 1.1 (2.2), MaxSocks=32767, MaxUdp=65467
